[INFO ] 2019-08-04 17:32:56.526 [main] DemoExtentReport - changeCurrency
[INFO ] 2019-08-04 17:33:08.571 [main] DemoExtentReport - navigateToCameraSection
[INFO ] 2019-08-04 17:33:20.274 [main] DemoExtentReport - noCommerceTitleTest
[INFO ] 2019-08-04 17:33:25.517 [main] DemoExtentReport - selectDesktop
[INFO ] 2019-08-04 17:33:35.530 [main] DemoExtentReport - verifyImage
[INFO ] 2019-08-04 17:37:30.640 [TestNG-test=Test-1] DemoExtentReport - changeCurrency has been started
[INFO ] 2019-08-04 17:37:34.996 [TestNG-test=Test-1] DemoExtentReport -  Assertion for changeCurrency is true
[INFO ] 2019-08-04 17:37:40.894 [TestNG-test=Test-1] DemoExtentReport - navigateToCameraSection has been started
[INFO ] 2019-08-04 17:37:44.916 [TestNG-test=Test-1] DemoExtentReport -  Assertion for navigateToCameraSection is true
[INFO ] 2019-08-04 17:37:52.639 [TestNG-test=Test-1] DemoExtentReport - noCommerceTitleTest has been started
[INFO ] 2019-08-04 17:37:52.649 [TestNG-test=Test-1] DemoExtentReport -  Assertion for noCommerceTitleTest is true
[INFO ] 2019-08-04 17:37:57.998 [TestNG-test=Test-1] DemoExtentReport - selectDesktop has been started
[INFO ] 2019-08-04 17:38:02.525 [TestNG-test=Test-1] DemoExtentReport -  Assertion for selectDesktop is true
[INFO ] 2019-08-04 17:38:08.046 [TestNG-test=Test-1] DemoExtentReport - verifyImage has been started
[INFO ] 2019-08-04 17:38:09.118 [TestNG-test=Test-1] DemoExtentReport -  Assertion for verifyImage is true
[INFO ] 2019-08-20 23:51:47.905 [TestNG-test=Test-1] DemoExtentReport - changeCurrency has been started
[INFO ] 2019-08-20 23:51:52.874 [TestNG-test=Test-1] DemoExtentReport -  Assertion for changeCurrency is true
[INFO ] 2019-08-20 23:52:01.790 [TestNG-test=Test-1] DemoExtentReport - navigateToCameraSection has been started
[INFO ] 2019-08-20 23:52:05.797 [TestNG-test=Test-1] DemoExtentReport -  Assertion for navigateToCameraSection is true
[INFO ] 2019-08-20 23:52:14.352 [TestNG-test=Test-1] DemoExtentReport - noCommerceTitleTest has been started
[INFO ] 2019-08-20 23:52:14.378 [TestNG-test=Test-1] DemoExtentReport -  Assertion for noCommerceTitleTest is true
[INFO ] 2019-08-20 23:52:20.579 [TestNG-test=Test-1] DemoExtentReport - selectDesktop has been started
[INFO ] 2019-08-20 23:52:25.622 [TestNG-test=Test-1] DemoExtentReport -  Assertion for selectDesktop is true
[INFO ] 2019-08-20 23:52:31.936 [TestNG-test=Test-1] DemoExtentReport - verifyImage has been started
[INFO ] 2019-08-20 23:52:33.622 [TestNG-test=Test-1] DemoExtentReport -  Assertion for verifyImage is true
[INFO ] 2019-08-21 00:22:41.905 [TestNG-test=Test-1] DemoExtentReport - changeCurrency has been started
[INFO ] 2019-08-21 00:22:47.385 [TestNG-test=Test-1] DemoExtentReport -  Assertion for changeCurrency is true
[INFO ] 2019-08-21 00:22:56.167 [TestNG-test=Test-1] DemoExtentReport - navigateToCameraSection has been started
[INFO ] 2019-08-21 00:22:59.350 [TestNG-test=Test-1] DemoExtentReport -  Assertion for navigateToCameraSection is true
[INFO ] 2019-08-21 00:23:07.966 [TestNG-test=Test-1] DemoExtentReport - noCommerceTitleTest has been started
[INFO ] 2019-08-21 00:23:07.977 [TestNG-test=Test-1] DemoExtentReport -  Assertion for noCommerceTitleTest is true
[INFO ] 2019-08-21 00:23:14.451 [TestNG-test=Test-1] DemoExtentReport - selectDesktop has been started
[INFO ] 2019-08-21 00:23:19.661 [TestNG-test=Test-1] DemoExtentReport -  Assertion for selectDesktop is true
[INFO ] 2019-08-21 00:23:26.268 [TestNG-test=Test-1] DemoExtentReport - verifyImage has been started
[INFO ] 2019-08-21 00:23:27.124 [TestNG-test=Test-1] DemoExtentReport -  Assertion for verifyImage is true
[INFO ] 2019-08-21 00:25:11.008 [TestNG-test=Test-1] DemoExtentReport - changeCurrency has been started
[INFO ] 2019-08-21 00:25:16.892 [TestNG-test=Test-1] DemoExtentReport -  Assertion for changeCurrency is true
[INFO ] 2019-08-21 00:25:26.157 [TestNG-test=Test-1] DemoExtentReport - navigateToCameraSection has been started
[INFO ] 2019-08-21 00:25:30.761 [TestNG-test=Test-1] DemoExtentReport -  Assertion for navigateToCameraSection is true
[INFO ] 2019-08-21 00:25:39.825 [TestNG-test=Test-1] DemoExtentReport - noCommerceTitleTest has been started
[INFO ] 2019-08-21 00:25:39.843 [TestNG-test=Test-1] DemoExtentReport -  Assertion for noCommerceTitleTest is true
[INFO ] 2019-08-21 00:25:47.341 [TestNG-test=Test-1] DemoExtentReport - selectDesktop has been started
[INFO ] 2019-08-21 00:25:52.548 [TestNG-test=Test-1] DemoExtentReport -  Assertion for selectDesktop is true
[INFO ] 2019-08-21 00:25:59.442 [TestNG-test=Test-1] DemoExtentReport - verifyImage has been started
[INFO ] 2019-08-21 00:26:00.986 [TestNG-test=Test-1] DemoExtentReport -  Assertion for verifyImage is true
[INFO ] 2019-08-21 00:30:41.182 [TestNG-test=Test-1] DemoExtentReport - changeCurrency has been started
[INFO ] 2019-08-21 00:30:45.935 [TestNG-test=Test-1] DemoExtentReport -  Assertion for changeCurrency is true
[INFO ] 2019-08-21 00:30:54.466 [TestNG-test=Test-1] DemoExtentReport - navigateToCameraSection has been started
[INFO ] 2019-08-21 00:30:58.476 [TestNG-test=Test-1] DemoExtentReport -  Assertion for navigateToCameraSection is true
[INFO ] 2019-08-21 00:31:07.840 [TestNG-test=Test-1] DemoExtentReport - noCommerceTitleTest has been started
[INFO ] 2019-08-21 00:31:07.861 [TestNG-test=Test-1] DemoExtentReport -  Assertion for noCommerceTitleTest is true
[INFO ] 2019-08-21 00:31:15.657 [TestNG-test=Test-1] DemoExtentReport - selectDesktop has been started
[INFO ] 2019-08-21 00:31:20.808 [TestNG-test=Test-1] DemoExtentReport -  Assertion for selectDesktop is true
[INFO ] 2019-08-21 00:31:27.850 [TestNG-test=Test-1] DemoExtentReport - verifyImage has been started
[INFO ] 2019-08-21 00:31:30.674 [TestNG-test=Test-1] DemoExtentReport -  Assertion for verifyImage is true
[INFO ] 2019-08-21 00:47:46.321 [TestNG-test=Test-1] DemoExtentReport - changeCurrency has been started
[INFO ] 2019-08-21 00:47:51.863 [TestNG-test=Test-1] DemoExtentReport -  Assertion for changeCurrency is true
[INFO ] 2019-08-21 00:47:58.358 [TestNG-test=Test-1] DemoExtentReport - navigateToCameraSection has been started
[INFO ] 2019-08-21 00:48:02.462 [TestNG-test=Test-1] DemoExtentReport -  Assertion for navigateToCameraSection is true
[INFO ] 2019-08-21 00:48:11.056 [TestNG-test=Test-1] DemoExtentReport - noCommerceTitleTest has been started
[INFO ] 2019-08-21 00:48:11.077 [TestNG-test=Test-1] DemoExtentReport -  Assertion for noCommerceTitleTest is true
[INFO ] 2019-08-21 00:48:17.733 [TestNG-test=Test-1] DemoExtentReport - selectDesktop has been started
[INFO ] 2019-08-21 00:48:22.164 [TestNG-test=Test-1] DemoExtentReport -  Assertion for selectDesktop is true
[INFO ] 2019-08-21 00:48:29.367 [TestNG-test=Test-1] DemoExtentReport - verifyImage has been started
[INFO ] 2019-08-21 00:48:31.140 [TestNG-test=Test-1] DemoExtentReport -  Assertion for verifyImage is true
[INFO ] 2019-08-21 00:49:01.618 [TestNG-test=Test-1] DemoExtentReport - changeCurrency has been started
[INFO ] 2019-08-21 00:49:07.188 [TestNG-test=Test-1] DemoExtentReport -  Assertion for changeCurrency is true
[INFO ] 2019-08-21 00:49:13.593 [TestNG-test=Test-1] DemoExtentReport - navigateToCameraSection has been started
[INFO ] 2019-08-21 00:49:17.133 [TestNG-test=Test-1] DemoExtentReport -  Assertion for navigateToCameraSection is true
[INFO ] 2019-08-21 00:49:25.819 [TestNG-test=Test-1] DemoExtentReport - noCommerceTitleTest has been started
[INFO ] 2019-08-21 00:49:25.832 [TestNG-test=Test-1] DemoExtentReport -  Assertion for noCommerceTitleTest is true
[INFO ] 2019-08-21 00:49:31.556 [TestNG-test=Test-1] DemoExtentReport - selectDesktop has been started
[INFO ] 2019-08-21 00:49:35.889 [TestNG-test=Test-1] DemoExtentReport -  Assertion for selectDesktop is true
[INFO ] 2019-08-21 00:49:42.627 [TestNG-test=Test-1] DemoExtentReport - verifyImage has been started
[INFO ] 2019-08-21 00:49:44.449 [TestNG-test=Test-1] DemoExtentReport -  Assertion for verifyImage is true
[INFO ] 2019-08-21 00:50:15.661 [TestNG-test=Test-1] DemoExtentReport - changeCurrency has been started
[INFO ] 2019-08-21 00:50:22.098 [TestNG-test=Test-1] DemoExtentReport -  Assertion for changeCurrency is true
[INFO ] 2019-08-21 00:50:30.797 [TestNG-test=Test-1] DemoExtentReport - navigateToCameraSection has been started
[INFO ] 2019-08-21 00:50:33.913 [TestNG-test=Test-1] DemoExtentReport -  Assertion for navigateToCameraSection is true
[INFO ] 2019-08-21 00:50:42.528 [TestNG-test=Test-1] DemoExtentReport - noCommerceTitleTest has been started
[INFO ] 2019-08-21 00:50:42.538 [TestNG-test=Test-1] DemoExtentReport -  Assertion for noCommerceTitleTest is true
[INFO ] 2019-08-21 00:50:49.064 [TestNG-test=Test-1] DemoExtentReport - selectDesktop has been started
[INFO ] 2019-08-21 00:50:54.136 [TestNG-test=Test-1] DemoExtentReport -  Assertion for selectDesktop is true
[INFO ] 2019-08-21 00:51:00.387 [TestNG-test=Test-1] DemoExtentReport - verifyImage has been started
[INFO ] 2019-08-21 00:51:02.181 [TestNG-test=Test-1] DemoExtentReport -  Assertion for verifyImage is true
[INFO ] 2019-08-21 01:34:30.168 [TestNG-test=Test-1] DemoExtentReport - changeCurrency has been started
[INFO ] 2019-08-21 01:34:35.796 [TestNG-test=Test-1] DemoExtentReport -  Assertion for changeCurrency is true
[INFO ] 2019-08-21 01:34:44.467 [TestNG-test=Test-1] DemoExtentReport - navigateToCameraSection has been started
[INFO ] 2019-08-21 01:34:47.817 [TestNG-test=Test-1] DemoExtentReport -  Assertion for navigateToCameraSection is true
[INFO ] 2019-08-21 01:34:56.484 [TestNG-test=Test-1] DemoExtentReport - noCommerceTitleTest has been started
[INFO ] 2019-08-21 01:34:56.507 [TestNG-test=Test-1] DemoExtentReport -  Assertion for noCommerceTitleTest is true
[INFO ] 2019-08-21 01:35:03.000 [TestNG-test=Test-1] DemoExtentReport - selectDesktop has been started
[INFO ] 2019-08-21 01:35:07.992 [TestNG-test=Test-1] DemoExtentReport -  Assertion for selectDesktop is true
[INFO ] 2019-08-21 01:35:14.398 [TestNG-test=Test-1] DemoExtentReport - verifyImage has been started
[INFO ] 2019-08-21 01:35:16.019 [TestNG-test=Test-1] DemoExtentReport -  Assertion for verifyImage is true
[INFO ] 2019-08-21 01:35:43.909 [TestNG-test=Test-1] DemoExtentReport - changeCurrency has been started
[INFO ] 2019-08-21 01:35:49.503 [TestNG-test=Test-1] DemoExtentReport -  Assertion for changeCurrency is true
[INFO ] 2019-08-21 01:35:57.938 [TestNG-test=Test-1] DemoExtentReport - navigateToCameraSection has been started
[INFO ] 2019-08-21 01:36:01.265 [TestNG-test=Test-1] DemoExtentReport -  Assertion for navigateToCameraSection is true
[INFO ] 2019-08-21 01:36:09.952 [TestNG-test=Test-1] DemoExtentReport - noCommerceTitleTest has been started
[INFO ] 2019-08-21 01:36:10.007 [TestNG-test=Test-1] DemoExtentReport -  Assertion for noCommerceTitleTest is true
[INFO ] 2019-08-21 01:36:16.584 [TestNG-test=Test-1] DemoExtentReport - selectDesktop has been started
[INFO ] 2019-08-21 01:36:20.800 [TestNG-test=Test-1] DemoExtentReport -  Assertion for selectDesktop is true
[INFO ] 2019-08-21 01:36:27.176 [TestNG-test=Test-1] DemoExtentReport - verifyImage has been started
[INFO ] 2019-08-21 01:36:29.459 [TestNG-test=Test-1] DemoExtentReport -  Assertion for verifyImage is true
